<?xml version="1.0" encoding="UTF-8"?>
<testsuite xmlns:xsi="http://www.w3.org/2001/XMLSchema-instance" xsi:noNamespaceSchemaLocation="https://maven.apache.org/surefire/maven-surefire-plugin/xsd/surefire-test-report.xsd" name="runners.TestRunner" time="10.251" tests="6" errors="6" skipped="0" failures="0">
  <properties>
    <property name="java.specification.version" value="15"/>
    <property name="sun.cpu.isalist" value="amd64"/>
    <property name="sun.jnu.encoding" value="Cp1252"/>
    <property name="java.class.path" value="C:\Users\eslam.badawy\Downloads\New folder (2)\TestCrew-master\target\test-classes;C:\Users\eslam.badawy\Downloads\New folder (2)\TestCrew-master\target\classes;C:\Users\eslam.badawy\.m2\repository\org\seleniumhq\selenium\selenium-java\3.141.59\selenium-java-3.141.59.jar;C:\Users\eslam.badawy\.m2\repository\org\seleniumhq\selenium\selenium-api\3.141.59\selenium-api-3.141.59.jar;C:\Users\eslam.badawy\.m2\repository\org\seleniumhq\selenium\selenium-chrome-driver\3.141.59\selenium-chrome-driver-3.141.59.jar;C:\Users\eslam.badawy\.m2\repository\org\seleniumhq\selenium\selenium-edge-driver\3.141.59\selenium-edge-driver-3.141.59.jar;C:\Users\eslam.badawy\.m2\repository\org\seleniumhq\selenium\selenium-firefox-driver\3.141.59\selenium-firefox-driver-3.141.59.jar;C:\Users\eslam.badawy\.m2\repository\org\seleniumhq\selenium\selenium-ie-driver\3.141.59\selenium-ie-driver-3.141.59.jar;C:\Users\eslam.badawy\.m2\repository\org\seleniumhq\selenium\selenium-opera-driver\3.141.59\selenium-opera-driver-3.141.59.jar;C:\Users\eslam.badawy\.m2\repository\org\seleniumhq\selenium\selenium-remote-driver\3.141.59\selenium-remote-driver-3.141.59.jar;C:\Users\eslam.badawy\.m2\repository\org\seleniumhq\selenium\selenium-safari-driver\3.141.59\selenium-safari-driver-3.141.59.jar;C:\Users\eslam.badawy\.m2\repository\org\seleniumhq\selenium\selenium-support\3.141.59\selenium-support-3.141.59.jar;C:\Users\eslam.badawy\.m2\repository\net\bytebuddy\byte-buddy\1.8.15\byte-buddy-1.8.15.jar;C:\Users\eslam.badawy\.m2\repository\org\apache\commons\commons-exec\1.3\commons-exec-1.3.jar;C:\Users\eslam.badawy\.m2\repository\com\google\guava\guava\25.0-jre\guava-25.0-jre.jar;C:\Users\eslam.badawy\.m2\repository\com\google\code\findbugs\jsr305\1.3.9\jsr305-1.3.9.jar;C:\Users\eslam.badawy\.m2\repository\org\checkerframework\checker-compat-qual\2.0.0\checker-compat-qual-2.0.0.jar;C:\Users\eslam.badawy\.m2\repository\com\google\errorprone\error_prone_annotations\2.1.3\error_prone_annotations-2.1.3.jar;C:\Users\eslam.badawy\.m2\repository\com\google\j2objc\j2objc-annotations\1.1\j2objc-annotations-1.1.jar;C:\Users\eslam.badawy\.m2\repository\org\codehaus\mojo\animal-sniffer-annotations\1.14\animal-sniffer-annotations-1.14.jar;C:\Users\eslam.badawy\.m2\repository\com\squareup\okhttp3\okhttp\3.11.0\okhttp-3.11.0.jar;C:\Users\eslam.badawy\.m2\repository\com\squareup\okio\okio\1.14.0\okio-1.14.0.jar;C:\Users\eslam.badawy\.m2\repository\org\apache\cassandra\cassandra-all\0.8.1\cassandra-all-0.8.1.jar;C:\Users\eslam.badawy\.m2\repository\commons-cli\commons-cli\1.1\commons-cli-1.1.jar;C:\Users\eslam.badawy\.m2\repository\commons-codec\commons-codec\1.2\commons-codec-1.2.jar;C:\Users\eslam.badawy\.m2\repository\commons-collections\commons-collections\3.2.1\commons-collections-3.2.1.jar;C:\Users\eslam.badawy\.m2\repository\commons-lang\commons-lang\2.4\commons-lang-2.4.jar;C:\Users\eslam.badawy\.m2\repository\com\googlecode\concurrentlinkedhashmap\concurrentlinkedhashmap-lru\1.1\concurrentlinkedhashmap-lru-1.1.jar;C:\Users\eslam.badawy\.m2\repository\org\antlr\antlr\3.2\antlr-3.2.jar;C:\Users\eslam.badawy\.m2\repository\org\antlr\antlr-runtime\3.2\antlr-runtime-3.2.jar;C:\Users\eslam.badawy\.m2\repository\org\antlr\stringtemplate\3.2\stringtemplate-3.2.jar;C:\Users\eslam.badawy\.m2\repository\antlr\antlr\2.7.7\antlr-2.7.7.jar;C:\Users\eslam.badawy\.m2\repository\org\slf4j\slf4j-api\1.6.1\slf4j-api-1.6.1.jar;C:\Users\eslam.badawy\.m2\repository\org\apache\cassandra\deps\avro\1.4.0-cassandra-1\avro-1.4.0-cassandra-1.jar;C:\Users\eslam.badawy\.m2\repository\org\mortbay\jetty\jetty\6.1.22\jetty-6.1.22.jar;C:\Users\eslam.badawy\.m2\repository\org\mortbay\jetty\jetty-util\6.1.22\jetty-util-6.1.22.jar;C:\Users\eslam.badawy\.m2\repository\org\mortbay\jetty\servlet-api\2.5-20081211\servlet-api-2.5-20081211.jar;C:\Users\eslam.badawy\.m2\repository\org\codehaus\jackson\jackson-core-asl\1.4.0\jackson-core-asl-1.4.0.jar;C:\Users\eslam.badawy\.m2\repository\org\codehaus\jackson\jackson-mapper-asl\1.4.0\jackson-mapper-asl-1.4.0.jar;C:\Users\eslam.badawy\.m2\repository\jline\jline\0.9.94\jline-0.9.94.jar;C:\Users\eslam.badawy\.m2\repository\com\googlecode\json-simple\json-simple\1.1\json-simple-1.1.jar;C:\Users\eslam.badawy\.m2\repository\com\github\stephenc\high-scale-lib\high-scale-lib\1.1.2\high-scale-lib-1.1.2.jar;C:\Users\eslam.badawy\.m2\repository\org\yaml\snakeyaml\1.6\snakeyaml-1.6.jar;C:\Users\eslam.badawy\.m2\repository\org\apache\thrift\libthrift\0.6.1\libthrift-0.6.1.jar;C:\Users\eslam.badawy\.m2\repository\javax\servlet\servlet-api\2.5\servlet-api-2.5.jar;C:\Users\eslam.badawy\.m2\repository\org\apache\httpcomponents\httpclient\4.0.1\httpclient-4.0.1.jar;C:\Users\eslam.badawy\.m2\repository\org\apache\httpcomponents\httpcore\4.0.1\httpcore-4.0.1.jar;C:\Users\eslam.badawy\.m2\repository\commons-logging\commons-logging\1.1.1\commons-logging-1.1.1.jar;C:\Users\eslam.badawy\.m2\repository\org\apache\cassandra\cassandra-thrift\0.8.1\cassandra-thrift-0.8.1.jar;C:\Users\eslam.badawy\.m2\repository\com\github\stephenc\jamm\0.2.2\jamm-0.2.2.jar;C:\Users\eslam.badawy\.m2\repository\io\github\bonigarcia\webdrivermanager\5.1.1\webdrivermanager-5.1.1.jar;C:\Users\eslam.badawy\.m2\repository\com\google\code\gson\gson\2.9.0\gson-2.9.0.jar;C:\Users\eslam.badawy\.m2\repository\com\github\docker-java\docker-java\3.2.13\docker-java-3.2.13.jar;C:\Users\eslam.badawy\.m2\repository\com\github\docker-java\docker-java-core\3.2.13\docker-java-core-3.2.13.jar;C:\Users\eslam.badawy\.m2\repository\com\github\docker-java\docker-java-api\3.2.13\docker-java-api-3.2.13.jar;C:\Users\eslam.badawy\.m2\repository\com\fasterxml\jackson\core\jackson-annotations\2.10.3\jackson-annotations-2.10.3.jar;C:\Users\eslam.badawy\.m2\repository\commons-io\commons-io\2.6\commons-io-2.6.jar;C:\Users\eslam.badawy\.m2\repository\org\apache\commons\commons-compress\1.21\commons-compress-1.21.jar;C:\Users\eslam.badawy\.m2\repository\com\fasterxml\jackson\core\jackson-databind\2.10.3\jackson-databind-2.10.3.jar;C:\Users\eslam.badawy\.m2\repository\com\fasterxml\jackson\core\jackson-core\2.10.3\jackson-core-2.10.3.jar;C:\Users\eslam.badawy\.m2\repository\org\bouncycastle\bcpkix-jdk15on\1.64\bcpkix-jdk15on-1.64.jar;C:\Users\eslam.badawy\.m2\repository\org\bouncycastle\bcprov-jdk15on\1.64\bcprov-jdk15on-1.64.jar;C:\Users\eslam.badawy\.m2\repository\org\slf4j\jcl-over-slf4j\1.7.30\jcl-over-slf4j-1.7.30.jar;C:\Users\eslam.badawy\.m2\repository\com\github\docker-java\docker-java-transport-httpclient5\3.2.13\docker-java-transport-httpclient5-3.2.13.jar;C:\Users\eslam.badawy\.m2\repository\com\github\docker-java\docker-java-transport\3.2.13\docker-java-transport-3.2.13.jar;C:\Users\eslam.badawy\.m2\repository\net\java\dev\jna\jna\5.8.0\jna-5.8.0.jar;C:\Users\eslam.badawy\.m2\repository\org\brotli\dec\0.1.2\dec-0.1.2.jar;C:\Users\eslam.badawy\.m2\repository\org\apache\commons\commons-lang3\3.12.0\commons-lang3-3.12.0.jar;C:\Users\eslam.badawy\.m2\repository\org\apache\httpcomponents\client5\httpclient5\5.1.3\httpclient5-5.1.3.jar;C:\Users\eslam.badawy\.m2\repository\org\apache\httpcomponents\core5\httpcore5\5.1.3\httpcore5-5.1.3.jar;C:\Users\eslam.badawy\.m2\repository\org\apache\httpcomponents\core5\httpcore5-h2\5.1.3\httpcore5-h2-5.1.3.jar;C:\Users\eslam.badawy\.m2\repository\io\cucumber\cucumber-junit\7.3.2\cucumber-junit-7.3.2.jar;C:\Users\eslam.badawy\.m2\repository\org\apiguardian\apiguardian-api\1.1.2\apiguardian-api-1.1.2.jar;C:\Users\eslam.badawy\.m2\repository\io\cucumber\cucumber-core\7.3.2\cucumber-core-7.3.2.jar;C:\Users\eslam.badawy\.m2\repository\io\cucumber\cucumber-gherkin\7.3.2\cucumber-gherkin-7.3.2.jar;C:\Users\eslam.badawy\.m2\repository\io\cucumber\cucumber-gherkin-messages\7.3.2\cucumber-gherkin-messages-7.3.2.jar;C:\Users\eslam.badawy\.m2\repository\io\cucumber\gherkin\23.0.1\gherkin-23.0.1.jar;C:\Users\eslam.badawy\.m2\repository\io\cucumber\messages\18.0.0\messages-18.0.0.jar;C:\Users\eslam.badawy\.m2\repository\io\cucumber\tag-expressions\4.1.0\tag-expressions-4.1.0.jar;C:\Users\eslam.badawy\.m2\repository\io\cucumber\cucumber-expressions\15.1.1\cucumber-expressions-15.1.1.jar;C:\Users\eslam.badawy\.m2\repository\io\cucumber\datatable\7.3.2\datatable-7.3.2.jar;C:\Users\eslam.badawy\.m2\repository\io\cucumber\cucumber-plugin\7.3.2\cucumber-plugin-7.3.2.jar;C:\Users\eslam.badawy\.m2\repository\io\cucumber\docstring\7.3.2\docstring-7.3.2.jar;C:\Users\eslam.badawy\.m2\repository\io\cucumber\html-formatter\19.1.0\html-formatter-19.1.0.jar;C:\Users\eslam.badawy\.m2\repository\io\cucumber\ci-environment\9.0.4\ci-environment-9.0.4.jar;C:\Users\eslam.badawy\.m2\repository\io\cucumber\cucumber-java\7.3.2\cucumber-java-7.3.2.jar;C:\Users\eslam.badawy\.m2\repository\junit\junit\4.13.2\junit-4.13.2.jar;C:\Users\eslam.badawy\.m2\repository\org\hamcrest\hamcrest-core\1.3\hamcrest-core-1.3.jar;"/>
    <property name="java.vm.vendor" value="Oracle Corporation"/>
    <property name="sun.arch.data.model" value="64"/>
    <property name="user.variant" value=""/>
    <property name="java.vendor.url" value="https://java.oracle.com/"/>
    <property name="user.timezone" value="Africa/Cairo"/>
    <property name="os.name" value="Windows 10"/>
    <property name="java.vm.specification.version" value="15"/>
    <property name="sun.java.launcher" value="SUN_STANDARD"/>
    <property name="user.country" value="US"/>
    <property name="sun.boot.library.path" value="C:\Program Files\Java\jdk-15.0.1\bin"/>
    <property name="sun.java.command" value="C:\Users\ESLAM~1.BAD\AppData\Local\Temp\surefire17689976083116130925\surefirebooter7970060096058465605.jar C:\Users\eslam.badawy\AppData\Local\Temp\surefire17689976083116130925 2023-10-01T18-50-14_852-jvmRun1 surefire11407156330466440366tmp surefire_03699898661269926071tmp"/>
    <property name="jdk.debug" value="release"/>
    <property name="surefire.test.class.path" value="C:\Users\eslam.badawy\Downloads\New folder (2)\TestCrew-master\target\test-classes;C:\Users\eslam.badawy\Downloads\New folder (2)\TestCrew-master\target\classes;C:\Users\eslam.badawy\.m2\repository\org\seleniumhq\selenium\selenium-java\3.141.59\selenium-java-3.141.59.jar;C:\Users\eslam.badawy\.m2\repository\org\seleniumhq\selenium\selenium-api\3.141.59\selenium-api-3.141.59.jar;C:\Users\eslam.badawy\.m2\repository\org\seleniumhq\selenium\selenium-chrome-driver\3.141.59\selenium-chrome-driver-3.141.59.jar;C:\Users\eslam.badawy\.m2\repository\org\seleniumhq\selenium\selenium-edge-driver\3.141.59\selenium-edge-driver-3.141.59.jar;C:\Users\eslam.badawy\.m2\repository\org\seleniumhq\selenium\selenium-firefox-driver\3.141.59\selenium-firefox-driver-3.141.59.jar;C:\Users\eslam.badawy\.m2\repository\org\seleniumhq\selenium\selenium-ie-driver\3.141.59\selenium-ie-driver-3.141.59.jar;C:\Users\eslam.badawy\.m2\repository\org\seleniumhq\selenium\selenium-opera-driver\3.141.59\selenium-opera-driver-3.141.59.jar;C:\Users\eslam.badawy\.m2\repository\org\seleniumhq\selenium\selenium-remote-driver\3.141.59\selenium-remote-driver-3.141.59.jar;C:\Users\eslam.badawy\.m2\repository\org\seleniumhq\selenium\selenium-safari-driver\3.141.59\selenium-safari-driver-3.141.59.jar;C:\Users\eslam.badawy\.m2\repository\org\seleniumhq\selenium\selenium-support\3.141.59\selenium-support-3.141.59.jar;C:\Users\eslam.badawy\.m2\repository\net\bytebuddy\byte-buddy\1.8.15\byte-buddy-1.8.15.jar;C:\Users\eslam.badawy\.m2\repository\org\apache\commons\commons-exec\1.3\commons-exec-1.3.jar;C:\Users\eslam.badawy\.m2\repository\com\google\guava\guava\25.0-jre\guava-25.0-jre.jar;C:\Users\eslam.badawy\.m2\repository\com\google\code\findbugs\jsr305\1.3.9\jsr305-1.3.9.jar;C:\Users\eslam.badawy\.m2\repository\org\checkerframework\checker-compat-qual\2.0.0\checker-compat-qual-2.0.0.jar;C:\Users\eslam.badawy\.m2\repository\com\google\errorprone\error_prone_annotations\2.1.3\error_prone_annotations-2.1.3.jar;C:\Users\eslam.badawy\.m2\repository\com\google\j2objc\j2objc-annotations\1.1\j2objc-annotations-1.1.jar;C:\Users\eslam.badawy\.m2\repository\org\codehaus\mojo\animal-sniffer-annotations\1.14\animal-sniffer-annotations-1.14.jar;C:\Users\eslam.badawy\.m2\repository\com\squareup\okhttp3\okhttp\3.11.0\okhttp-3.11.0.jar;C:\Users\eslam.badawy\.m2\repository\com\squareup\okio\okio\1.14.0\okio-1.14.0.jar;C:\Users\eslam.badawy\.m2\repository\org\apache\cassandra\cassandra-all\0.8.1\cassandra-all-0.8.1.jar;C:\Users\eslam.badawy\.m2\repository\commons-cli\commons-cli\1.1\commons-cli-1.1.jar;C:\Users\eslam.badawy\.m2\repository\commons-codec\commons-codec\1.2\commons-codec-1.2.jar;C:\Users\eslam.badawy\.m2\repository\commons-collections\commons-collections\3.2.1\commons-collections-3.2.1.jar;C:\Users\eslam.badawy\.m2\repository\commons-lang\commons-lang\2.4\commons-lang-2.4.jar;C:\Users\eslam.badawy\.m2\repository\com\googlecode\concurrentlinkedhashmap\concurrentlinkedhashmap-lru\1.1\concurrentlinkedhashmap-lru-1.1.jar;C:\Users\eslam.badawy\.m2\repository\org\antlr\antlr\3.2\antlr-3.2.jar;C:\Users\eslam.badawy\.m2\repository\org\antlr\antlr-runtime\3.2\antlr-runtime-3.2.jar;C:\Users\eslam.badawy\.m2\repository\org\antlr\stringtemplate\3.2\stringtemplate-3.2.jar;C:\Users\eslam.badawy\.m2\repository\antlr\antlr\2.7.7\antlr-2.7.7.jar;C:\Users\eslam.badawy\.m2\repository\org\slf4j\slf4j-api\1.6.1\slf4j-api-1.6.1.jar;C:\Users\eslam.badawy\.m2\repository\org\apache\cassandra\deps\avro\1.4.0-cassandra-1\avro-1.4.0-cassandra-1.jar;C:\Users\eslam.badawy\.m2\repository\org\mortbay\jetty\jetty\6.1.22\jetty-6.1.22.jar;C:\Users\eslam.badawy\.m2\repository\org\mortbay\jetty\jetty-util\6.1.22\jetty-util-6.1.22.jar;C:\Users\eslam.badawy\.m2\repository\org\mortbay\jetty\servlet-api\2.5-20081211\servlet-api-2.5-20081211.jar;C:\Users\eslam.badawy\.m2\repository\org\codehaus\jackson\jackson-core-asl\1.4.0\jackson-core-asl-1.4.0.jar;C:\Users\eslam.badawy\.m2\repository\org\codehaus\jackson\jackson-mapper-asl\1.4.0\jackson-mapper-asl-1.4.0.jar;C:\Users\eslam.badawy\.m2\repository\jline\jline\0.9.94\jline-0.9.94.jar;C:\Users\eslam.badawy\.m2\repository\com\googlecode\json-simple\json-simple\1.1\json-simple-1.1.jar;C:\Users\eslam.badawy\.m2\repository\com\github\stephenc\high-scale-lib\high-scale-lib\1.1.2\high-scale-lib-1.1.2.jar;C:\Users\eslam.badawy\.m2\repository\org\yaml\snakeyaml\1.6\snakeyaml-1.6.jar;C:\Users\eslam.badawy\.m2\repository\org\apache\thrift\libthrift\0.6.1\libthrift-0.6.1.jar;C:\Users\eslam.badawy\.m2\repository\javax\servlet\servlet-api\2.5\servlet-api-2.5.jar;C:\Users\eslam.badawy\.m2\repository\org\apache\httpcomponents\httpclient\4.0.1\httpclient-4.0.1.jar;C:\Users\eslam.badawy\.m2\repository\org\apache\httpcomponents\httpcore\4.0.1\httpcore-4.0.1.jar;C:\Users\eslam.badawy\.m2\repository\commons-logging\commons-logging\1.1.1\commons-logging-1.1.1.jar;C:\Users\eslam.badawy\.m2\repository\org\apache\cassandra\cassandra-thrift\0.8.1\cassandra-thrift-0.8.1.jar;C:\Users\eslam.badawy\.m2\repository\com\github\stephenc\jamm\0.2.2\jamm-0.2.2.jar;C:\Users\eslam.badawy\.m2\repository\io\github\bonigarcia\webdrivermanager\5.1.1\webdrivermanager-5.1.1.jar;C:\Users\eslam.badawy\.m2\repository\com\google\code\gson\gson\2.9.0\gson-2.9.0.jar;C:\Users\eslam.badawy\.m2\repository\com\github\docker-java\docker-java\3.2.13\docker-java-3.2.13.jar;C:\Users\eslam.badawy\.m2\repository\com\github\docker-java\docker-java-core\3.2.13\docker-java-core-3.2.13.jar;C:\Users\eslam.badawy\.m2\repository\com\github\docker-java\docker-java-api\3.2.13\docker-java-api-3.2.13.jar;C:\Users\eslam.badawy\.m2\repository\com\fasterxml\jackson\core\jackson-annotations\2.10.3\jackson-annotations-2.10.3.jar;C:\Users\eslam.badawy\.m2\repository\commons-io\commons-io\2.6\commons-io-2.6.jar;C:\Users\eslam.badawy\.m2\repository\org\apache\commons\commons-compress\1.21\commons-compress-1.21.jar;C:\Users\eslam.badawy\.m2\repository\com\fasterxml\jackson\core\jackson-databind\2.10.3\jackson-databind-2.10.3.jar;C:\Users\eslam.badawy\.m2\repository\com\fasterxml\jackson\core\jackson-core\2.10.3\jackson-core-2.10.3.jar;C:\Users\eslam.badawy\.m2\repository\org\bouncycastle\bcpkix-jdk15on\1.64\bcpkix-jdk15on-1.64.jar;C:\Users\eslam.badawy\.m2\repository\org\bouncycastle\bcprov-jdk15on\1.64\bcprov-jdk15on-1.64.jar;C:\Users\eslam.badawy\.m2\repository\org\slf4j\jcl-over-slf4j\1.7.30\jcl-over-slf4j-1.7.30.jar;C:\Users\eslam.badawy\.m2\repository\com\github\docker-java\docker-java-transport-httpclient5\3.2.13\docker-java-transport-httpclient5-3.2.13.jar;C:\Users\eslam.badawy\.m2\repository\com\github\docker-java\docker-java-transport\3.2.13\docker-java-transport-3.2.13.jar;C:\Users\eslam.badawy\.m2\repository\net\java\dev\jna\jna\5.8.0\jna-5.8.0.jar;C:\Users\eslam.badawy\.m2\repository\org\brotli\dec\0.1.2\dec-0.1.2.jar;C:\Users\eslam.badawy\.m2\repository\org\apache\commons\commons-lang3\3.12.0\commons-lang3-3.12.0.jar;C:\Users\eslam.badawy\.m2\repository\org\apache\httpcomponents\client5\httpclient5\5.1.3\httpclient5-5.1.3.jar;C:\Users\eslam.badawy\.m2\repository\org\apache\httpcomponents\core5\httpcore5\5.1.3\httpcore5-5.1.3.jar;C:\Users\eslam.badawy\.m2\repository\org\apache\httpcomponents\core5\httpcore5-h2\5.1.3\httpcore5-h2-5.1.3.jar;C:\Users\eslam.badawy\.m2\repository\io\cucumber\cucumber-junit\7.3.2\cucumber-junit-7.3.2.jar;C:\Users\eslam.badawy\.m2\repository\org\apiguardian\apiguardian-api\1.1.2\apiguardian-api-1.1.2.jar;C:\Users\eslam.badawy\.m2\repository\io\cucumber\cucumber-core\7.3.2\cucumber-core-7.3.2.jar;C:\Users\eslam.badawy\.m2\repository\io\cucumber\cucumber-gherkin\7.3.2\cucumber-gherkin-7.3.2.jar;C:\Users\eslam.badawy\.m2\repository\io\cucumber\cucumber-gherkin-messages\7.3.2\cucumber-gherkin-messages-7.3.2.jar;C:\Users\eslam.badawy\.m2\repository\io\cucumber\gherkin\23.0.1\gherkin-23.0.1.jar;C:\Users\eslam.badawy\.m2\repository\io\cucumber\messages\18.0.0\messages-18.0.0.jar;C:\Users\eslam.badawy\.m2\repository\io\cucumber\tag-expressions\4.1.0\tag-expressions-4.1.0.jar;C:\Users\eslam.badawy\.m2\repository\io\cucumber\cucumber-expressions\15.1.1\cucumber-expressions-15.1.1.jar;C:\Users\eslam.badawy\.m2\repository\io\cucumber\datatable\7.3.2\datatable-7.3.2.jar;C:\Users\eslam.badawy\.m2\repository\io\cucumber\cucumber-plugin\7.3.2\cucumber-plugin-7.3.2.jar;C:\Users\eslam.badawy\.m2\repository\io\cucumber\docstring\7.3.2\docstring-7.3.2.jar;C:\Users\eslam.badawy\.m2\repository\io\cucumber\html-formatter\19.1.0\html-formatter-19.1.0.jar;C:\Users\eslam.badawy\.m2\repository\io\cucumber\ci-environment\9.0.4\ci-environment-9.0.4.jar;C:\Users\eslam.badawy\.m2\repository\io\cucumber\cucumber-java\7.3.2\cucumber-java-7.3.2.jar;C:\Users\eslam.badawy\.m2\repository\junit\junit\4.13.2\junit-4.13.2.jar;C:\Users\eslam.badawy\.m2\repository\org\hamcrest\hamcrest-core\1.3\hamcrest-core-1.3.jar;"/>
    <property name="sun.cpu.endian" value="little"/>
    <property name="user.home" value="C:\Users\eslam.badawy"/>
    <property name="user.language" value="en"/>
    <property name="java.specification.vendor" value="Oracle Corporation"/>
    <property name="java.version.date" value="2020-10-20"/>
    <property name="java.home" value="C:\Program Files\Java\jdk-15.0.1"/>
    <property name="file.separator" value="\"/>
    <property name="basedir" value="C:\Users\eslam.badawy\Downloads\New folder (2)\TestCrew-master"/>
    <property name="java.vm.compressedOopsMode" value="Zero based"/>
    <property name="line.separator" value="&#10;"/>
    <property name="java.vm.specification.vendor" value="Oracle Corporation"/>
    <property name="java.specification.name" value="Java Platform API Specification"/>
    <property name="surefire.real.class.path" value="C:\Users\ESLAM~1.BAD\AppData\Local\Temp\surefire17689976083116130925\surefirebooter7970060096058465605.jar"/>
    <property name="user.script" value=""/>
    <property name="sun.management.compiler" value="HotSpot 64-Bit Tiered Compilers"/>
    <property name="java.runtime.version" value="15.0.1+9-18"/>
    <property name="user.name" value="Eslam.Badawy"/>
    <property name="path.separator" value=";"/>
    <property name="os.version" value="10.0"/>
    <property name="java.runtime.name" value="Java(TM) SE Runtime Environment"/>
    <property name="file.encoding" value="Cp1252"/>
    <property name="java.vm.name" value="Java HotSpot(TM) 64-Bit Server VM"/>
    <property name="localRepository" value="C:\Users\eslam.badawy\.m2\repository"/>
    <property name="java.vendor.url.bug" value="https://bugreport.java.com/bugreport/"/>
    <property name="java.io.tmpdir" value="C:\Users\ESLAM~1.BAD\AppData\Local\Temp\"/>
    <property name="java.version" value="15.0.1"/>
    <property name="user.dir" value="C:\Users\eslam.badawy\Downloads\New folder (2)\TestCrew-master"/>
    <property name="os.arch" value="amd64"/>
    <property name="java.vm.specification.name" value="Java Virtual Machine Specification"/>
    <property name="sun.os.patch.level" value=""/>
    <property name="java.library.path" value="C:\Program Files\Java\jdk-15.0.1\bin;C:\WINDOWS\Sun\Java\bin;C:\WINDOWS\system32;C:\WINDOWS;C:\Program Files\Common Files\Oracle\Java\javapath;C:\Python311\Scripts\;C:\Python311\;C:\WINDOWS\system32;C:\WINDOWS;C:\WINDOWS\System32\Wbem;C:\WINDOWS\System32\WindowsPowerShell\v1.0\;C:\WINDOWS\System32\OpenSSH\;C:\Program Files\dotnet\;C:\Program Files\Microsoft SQL Server\150\Tools\Binn\;C:\Program Files\Microsoft SQL Server\Client SDK\ODBC\170\Tools\Binn\;C:\Program Files\nodejs\;C:\ProgramData\chocolatey\bin;C:\Program Files (x86)\Microsoft SQL Server\150\DTS\Binn\;C:\Program Files\Azure Data Studio\bin;C:\Program Files (x86)\Enterprise Vault\EVClient\x64\;C:\Users\eslam.badawy\AppData\Local\Microsoft\WindowsApps;C:\Users\eslam.badawy\AppData\Local\Programs\Microsoft VS Code\bin;C:\Users\eslam.badawy\AppData\Roaming\npm;C:\Users\eslam.badawy\.dotnet\tools;C:\Program Files\Java\jdk-15.0.1\bin;C:\Users\eslam.badawy\Downloads\maven\apache-maven-3.8.8-bin\apache-maven-3.8.8\bin;C:\Users\eslam.badawy\AppData\Local\Programs\Git\cmd;."/>
    <property name="java.vm.info" value="mixed mode, sharing"/>
    <property name="java.vendor" value="Oracle Corporation"/>
    <property name="java.vm.version" value="15.0.1+9-18"/>
    <property name="sun.io.unicode.encoding" value="UnicodeLittle"/>
    <property name="java.class.version" value="59.0"/>
  </properties>
  <testcase name="Verify subscription packages for different countries #1" classname="Validate subscription packages on STC TV website" time="3.458">
    <error message="session not created: This version of ChromeDriver only supports Chrome version 114&#10;Current browser version is 117.0.5938.132 with binary path C:\Program Files\Google\Chrome\Application\chrome.exe&#10;Build info: version: &apos;3.141.59&apos;, revision: &apos;e82be7d358&apos;, time: &apos;2018-11-14T08:17:03&apos;&#10;System info: host: &apos;GGSTECH6338LAP&apos;, ip: &apos;192.168.1.7&apos;, os.name: &apos;Windows 10&apos;, os.arch: &apos;amd64&apos;, os.version: &apos;10.0&apos;, java.version: &apos;15.0.1&apos;&#10;Driver info: driver.version: ChromeDriver&#10;remote stacktrace: Backtrace:&#10;	GetHandleVerifier [0x0099A813+48355]&#10;	(No symbol) [0x0092C4B1]&#10;	(No symbol) [0x00835358]&#10;	(No symbol) [0x008561AC]&#10;	(No symbol) [0x00851EF3]&#10;	(No symbol) [0x00850579]&#10;	(No symbol) [0x00880C55]&#10;	(No symbol) [0x0088093C]&#10;	(No symbol) [0x0087A536]&#10;	(No symbol) [0x008582DC]&#10;	(No symbol) [0x008593DD]&#10;	GetHandleVerifier [0x00BFAABD+2539405]&#10;	GetHandleVerifier [0x00C3A78F+2800735]&#10;	GetHandleVerifier [0x00C3456C+2775612]&#10;	GetHandleVerifier [0x00A251E0+616112]&#10;	(No symbol) [0x00935F8C]&#10;	(No symbol) [0x00932328]&#10;	(No symbol) [0x0093240B]&#10;	(No symbol) [0x00924FF7]&#10;	(No symbol) [0x76AF7D59]&#10;	RtlInitializeExceptionChain [0x770AB79B+107]&#10;	RtlClearBits [0x770AB71F+191]&#10;" type="org.openqa.selenium.SessionNotCreatedException">org.openqa.selenium.SessionNotCreatedException: 
session not created: This version of ChromeDriver only supports Chrome version 114
Current browser version is 117.0.5938.132 with binary path C:\Program Files\Google\Chrome\Application\chrome.exe
Build info: version: '3.141.59', revision: 'e82be7d358', time: '2018-11-14T08:17:03'
System info: host: 'GGSTECH6338LAP', ip: '192.168.1.7', os.name: 'Windows 10', os.arch: 'amd64', os.version: '10.0', java.version: '15.0.1'
Driver info: driver.version: ChromeDriver
remote stacktrace: Backtrace:
	GetHandleVerifier [0x0099A813+48355]
	(No symbol) [0x0092C4B1]
	(No symbol) [0x00835358]
	(No symbol) [0x008561AC]
	(No symbol) [0x00851EF3]
	(No symbol) [0x00850579]
	(No symbol) [0x00880C55]
	(No symbol) [0x0088093C]
	(No symbol) [0x0087A536]
	(No symbol) [0x008582DC]
	(No symbol) [0x008593DD]
	GetHandleVerifier [0x00BFAABD+2539405]
	GetHandleVerifier [0x00C3A78F+2800735]
	GetHandleVerifier [0x00C3456C+2775612]
	GetHandleVerifier [0x00A251E0+616112]
	(No symbol) [0x00935F8C]
	(No symbol) [0x00932328]
	(No symbol) [0x0093240B]
	(No symbol) [0x00924FF7]
	(No symbol) [0x76AF7D59]
	RtlInitializeExceptionChain [0x770AB79B+107]
	RtlClearBits [0x770AB71F+191]

</error>
    <system-err><![CDATA[SLF4J: Failed to load class "org.slf4j.impl.StaticLoggerBinder".
SLF4J: Defaulting to no-operation (NOP) logger implementation
SLF4J: See http://www.slf4j.org/codes.html#StaticLoggerBinder for further details.
Starting ChromeDriver 114.0.5735.90 (386bc09e8f4f2e025eddae123f36f6263096ae49-refs/branch-heads/5735@{#1052}) on port 11099
Only local connections are allowed.
Please see https://chromedriver.chromium.org/security-considerations for suggestions on keeping ChromeDriver safe.
ChromeDriver was started successfully.
]]></system-err>
  </testcase>
  <testcase name="Verify subscription packages for different countries #1" classname="Validate subscription packages on STC TV website" time="3.458">
    <error message="Cannot invoke &quot;org.openqa.selenium.WebDriver.quit()&quot; because &quot;Steps.Hooks.driver&quot; is null" type="java.lang.NullPointerException">java.lang.NullPointerException: Cannot invoke "org.openqa.selenium.WebDriver.quit()" because "Steps.Hooks.driver" is null
</error>
  </testcase>
  <testcase name="Verify subscription packages for different countries #2" classname="Validate subscription packages on STC TV website" time="2.283">
    <error message="session not created: This version of ChromeDriver only supports Chrome version 114&#10;Current browser version is 117.0.5938.132 with binary path C:\Program Files\Google\Chrome\Application\chrome.exe&#10;Build info: version: &apos;3.141.59&apos;, revision: &apos;e82be7d358&apos;, time: &apos;2018-11-14T08:17:03&apos;&#10;System info: host: &apos;GGSTECH6338LAP&apos;, ip: &apos;192.168.1.7&apos;, os.name: &apos;Windows 10&apos;, os.arch: &apos;amd64&apos;, os.version: &apos;10.0&apos;, java.version: &apos;15.0.1&apos;&#10;Driver info: driver.version: ChromeDriver&#10;remote stacktrace: Backtrace:&#10;	GetHandleVerifier [0x0099A813+48355]&#10;	(No symbol) [0x0092C4B1]&#10;	(No symbol) [0x00835358]&#10;	(No symbol) [0x008561AC]&#10;	(No symbol) [0x00851EF3]&#10;	(No symbol) [0x00850579]&#10;	(No symbol) [0x00880C55]&#10;	(No symbol) [0x0088093C]&#10;	(No symbol) [0x0087A536]&#10;	(No symbol) [0x008582DC]&#10;	(No symbol) [0x008593DD]&#10;	GetHandleVerifier [0x00BFAABD+2539405]&#10;	GetHandleVerifier [0x00C3A78F+2800735]&#10;	GetHandleVerifier [0x00C3456C+2775612]&#10;	GetHandleVerifier [0x00A251E0+616112]&#10;	(No symbol) [0x00935F8C]&#10;	(No symbol) [0x00932328]&#10;	(No symbol) [0x0093240B]&#10;	(No symbol) [0x00924FF7]&#10;	(No symbol) [0x76AF7D59]&#10;	RtlInitializeExceptionChain [0x770AB79B+107]&#10;	RtlClearBits [0x770AB71F+191]&#10;" type="org.openqa.selenium.SessionNotCreatedException">org.openqa.selenium.SessionNotCreatedException: 
session not created: This version of ChromeDriver only supports Chrome version 114
Current browser version is 117.0.5938.132 with binary path C:\Program Files\Google\Chrome\Application\chrome.exe
Build info: version: '3.141.59', revision: 'e82be7d358', time: '2018-11-14T08:17:03'
System info: host: 'GGSTECH6338LAP', ip: '192.168.1.7', os.name: 'Windows 10', os.arch: 'amd64', os.version: '10.0', java.version: '15.0.1'
Driver info: driver.version: ChromeDriver
remote stacktrace: Backtrace:
	GetHandleVerifier [0x0099A813+48355]
	(No symbol) [0x0092C4B1]
	(No symbol) [0x00835358]
	(No symbol) [0x008561AC]
	(No symbol) [0x00851EF3]
	(No symbol) [0x00850579]
	(No symbol) [0x00880C55]
	(No symbol) [0x0088093C]
	(No symbol) [0x0087A536]
	(No symbol) [0x008582DC]
	(No symbol) [0x008593DD]
	GetHandleVerifier [0x00BFAABD+2539405]
	GetHandleVerifier [0x00C3A78F+2800735]
	GetHandleVerifier [0x00C3456C+2775612]
	GetHandleVerifier [0x00A251E0+616112]
	(No symbol) [0x00935F8C]
	(No symbol) [0x00932328]
	(No symbol) [0x0093240B]
	(No symbol) [0x00924FF7]
	(No symbol) [0x76AF7D59]
	RtlInitializeExceptionChain [0x770AB79B+107]
	RtlClearBits [0x770AB71F+191]

</error>
    <system-err><![CDATA[Starting ChromeDriver 114.0.5735.90 (386bc09e8f4f2e025eddae123f36f6263096ae49-refs/branch-heads/5735@{#1052}) on port 10194
Only local connections are allowed.
Please see https://chromedriver.chromium.org/security-considerations for suggestions on keeping ChromeDriver safe.
ChromeDriver was started successfully.
]]></system-err>
  </testcase>
  <testcase name="Verify subscription packages for different countries #2" classname="Validate subscription packages on STC TV website" time="2.283">
    <error message="Cannot invoke &quot;org.openqa.selenium.WebDriver.quit()&quot; because &quot;Steps.Hooks.driver&quot; is null" type="java.lang.NullPointerException">java.lang.NullPointerException: Cannot invoke "org.openqa.selenium.WebDriver.quit()" because "Steps.Hooks.driver" is null
</error>
  </testcase>
  <testcase name="Verify subscription packages for different countries #3" classname="Validate subscription packages on STC TV website" time="3.436">
    <error message="session not created: This version of ChromeDriver only supports Chrome version 114&#10;Current browser version is 117.0.5938.132 with binary path C:\Program Files\Google\Chrome\Application\chrome.exe&#10;Build info: version: &apos;3.141.59&apos;, revision: &apos;e82be7d358&apos;, time: &apos;2018-11-14T08:17:03&apos;&#10;System info: host: &apos;GGSTECH6338LAP&apos;, ip: &apos;192.168.1.7&apos;, os.name: &apos;Windows 10&apos;, os.arch: &apos;amd64&apos;, os.version: &apos;10.0&apos;, java.version: &apos;15.0.1&apos;&#10;Driver info: driver.version: ChromeDriver&#10;remote stacktrace: Backtrace:&#10;	GetHandleVerifier [0x0099A813+48355]&#10;	(No symbol) [0x0092C4B1]&#10;	(No symbol) [0x00835358]&#10;	(No symbol) [0x008561AC]&#10;	(No symbol) [0x00851EF3]&#10;	(No symbol) [0x00850579]&#10;	(No symbol) [0x00880C55]&#10;	(No symbol) [0x0088093C]&#10;	(No symbol) [0x0087A536]&#10;	(No symbol) [0x008582DC]&#10;	(No symbol) [0x008593DD]&#10;	GetHandleVerifier [0x00BFAABD+2539405]&#10;	GetHandleVerifier [0x00C3A78F+2800735]&#10;	GetHandleVerifier [0x00C3456C+2775612]&#10;	GetHandleVerifier [0x00A251E0+616112]&#10;	(No symbol) [0x00935F8C]&#10;	(No symbol) [0x00932328]&#10;	(No symbol) [0x0093240B]&#10;	(No symbol) [0x00924FF7]&#10;	(No symbol) [0x76AF7D59]&#10;	RtlInitializeExceptionChain [0x770AB79B+107]&#10;	RtlClearBits [0x770AB71F+191]&#10;" type="org.openqa.selenium.SessionNotCreatedException">org.openqa.selenium.SessionNotCreatedException: 
session not created: This version of ChromeDriver only supports Chrome version 114
Current browser version is 117.0.5938.132 with binary path C:\Program Files\Google\Chrome\Application\chrome.exe
Build info: version: '3.141.59', revision: 'e82be7d358', time: '2018-11-14T08:17:03'
System info: host: 'GGSTECH6338LAP', ip: '192.168.1.7', os.name: 'Windows 10', os.arch: 'amd64', os.version: '10.0', java.version: '15.0.1'
Driver info: driver.version: ChromeDriver
remote stacktrace: Backtrace:
	GetHandleVerifier [0x0099A813+48355]
	(No symbol) [0x0092C4B1]
	(No symbol) [0x00835358]
	(No symbol) [0x008561AC]
	(No symbol) [0x00851EF3]
	(No symbol) [0x00850579]
	(No symbol) [0x00880C55]
	(No symbol) [0x0088093C]
	(No symbol) [0x0087A536]
	(No symbol) [0x008582DC]
	(No symbol) [0x008593DD]
	GetHandleVerifier [0x00BFAABD+2539405]
	GetHandleVerifier [0x00C3A78F+2800735]
	GetHandleVerifier [0x00C3456C+2775612]
	GetHandleVerifier [0x00A251E0+616112]
	(No symbol) [0x00935F8C]
	(No symbol) [0x00932328]
	(No symbol) [0x0093240B]
	(No symbol) [0x00924FF7]
	(No symbol) [0x76AF7D59]
	RtlInitializeExceptionChain [0x770AB79B+107]
	RtlClearBits [0x770AB71F+191]

</error>
    <system-err><![CDATA[Starting ChromeDriver 114.0.5735.90 (386bc09e8f4f2e025eddae123f36f6263096ae49-refs/branch-heads/5735@{#1052}) on port 4009
Only local connections are allowed.
Please see https://chromedriver.chromium.org/security-considerations for suggestions on keeping ChromeDriver safe.
ChromeDriver was started successfully.
]]></system-err>
  </testcase>
  <testcase name="Verify subscription packages for different countries #3" classname="Validate subscription packages on STC TV website" time="3.436">
    <error message="Cannot invoke &quot;org.openqa.selenium.WebDriver.quit()&quot; because &quot;Steps.Hooks.driver&quot; is null" type="java.lang.NullPointerException">java.lang.NullPointerException: Cannot invoke "org.openqa.selenium.WebDriver.quit()" because "Steps.Hooks.driver" is null
</error>
  </testcase>
</testsuite>